# JRE version: OpenJDK Runtime Environment Corretto-17.0.12.7.1 (17.0.12+7) (build 17.0.12+7-LTS)
# Java VM: OpenJDK 64-Bit Server VM Corretto-17.0.12.7.1 (17.0.12+7-LTS, mixed mode, sharing, tiered, compressed oops, compressed class ptrs, g1 gc, linux-amd64)
GC Precious Log:
 CPUs: 4 total, 4 available
 Memory: 4166M
 Large Page Support: Disabled
 NUMA Support: Disabled
 Compressed Oops: Enabled (32-bit)
 Heap Region Size: 1M
 Heap Min Capacity: 8M
 Heap Initial Capacity: 66M
 Heap Max Capacity: 1042M
 Pre-touch: Disabled
 Parallel Workers: 4
 Concurrent Workers: 1
 Concurrent Refinement Workers: 4
 Periodic GC: Disabled
Heap:
 garbage-first heap   total 69632K, used 39856K [0x00000000bee00000, 0x0000000100000000)
  region size 1024K, 35 young (35840K), 4 survivors (4096K)
 Metaspace       used 8599K, committed 8768K, reserved 1114112K
  class space    used 968K, committed 1024K, reserved 1048576K
GC Heap History (6 events):
Event: 4.247 GC heap before
{Heap before GC invocations=0 (full 0):
 garbage-first heap   total 69632K, used 15280K [0x00000000bee00000, 0x0000000100000000)
  region size 1024K, 13 young (13312K), 0 survivors (0K)
 Metaspace       used 7335K, committed 7552K, reserved 1114112K
  class space    used 889K, committed 960K, reserved 1048576K
}
Event: 4.298 GC heap after
{Heap after GC invocations=1 (full 0):
 garbage-first heap   total 69632K, used 4402K [0x00000000bee00000, 0x0000000100000000)
  region size 1024K, 2 young (2048K), 2 survivors (2048K)
 Metaspace       used 7335K, committed 7552K, reserved 1114112K
  class space    used 889K, committed 960K, reserved 1048576K
}
Event: 5.547 GC heap before
{Heap before GC invocations=1 (full 0):
 garbage-first heap   total 69632K, used 19762K [0x00000000bee00000, 0x0000000100000000)
  region size 1024K, 18 young (18432K), 2 survivors (2048K)
 Metaspace       used 8032K, committed 8256K, reserved 1114112K
  class space    used 937K, committed 1024K, reserved 1048576K
}
Event: 5.586 GC heap after
{Heap after GC invocations=2 (full 0):
 garbage-first heap   total 69632K, used 6631K [0x00000000bee00000, 0x0000000100000000)
  region size 1024K, 3 young (3072K), 3 survivors (3072K)
 Metaspace       used 8032K, committed 8256K, reserved 1114112K
  class space    used 937K, committed 1024K, reserved 1048576K
}
Event: 6.877 GC heap before
{Heap before GC invocations=2 (full 0):
 garbage-first heap   total 69632K, used 35303K [0x00000000bee00000, 0x0000000100000000)
  region size 1024K, 32 young (32768K), 3 survivors (3072K)
 Metaspace       used 8244K, committed 8448K, reserved 1114112K
  class space    used 938K, committed 1024K, reserved 1048576K
}
Event: 6.901 GC heap after
{Heap after GC invocations=3 (full 0):
 garbage-first heap   total 69632K, used 10160K [0x00000000bee00000, 0x0000000100000000)
  region size 1024K, 4 young (4096K), 4 survivors (4096K)
 Metaspace       used 8244K, committed 8448K, reserved 1114112K
  class space    used 938K, committed 1024K, reserved 1048576K
}

